Apr 17 16:10:11 host=smtp.gmail.com tls=on auth=on user=petrus.zy.07@gmail.com from=petrus.zy.07@gmail.com recipients=silencly07@gmail.com errormsg='the server sent an empty reply' exitcode=EX_PROTOCOL
Apr 17 16:14:26 host=smtp.yandex.com tls=on auth=on user=gitea@codeplayer.org from=gitea@codeplayer.org recipients=watchtower@codeplayer.org errormsg='the server sent an empty reply' exitcode=EX_PROTOCOL
Apr 17 16:24:30 host=smtp.yandex.com tls=on auth=on user=gitea@codeplayer.org from=gitea@codeplayer.org recipients=watchtower@codeplayer.org mailsize=282 smtpstatus=250 smtpmsg='250 2.0.0 Ok: queued on vla5-445dc1c4c112.qloud-c.yandex.net as 1587111869-JUXmbT9Zah-OS2qrktQ' exitcode=EX_OK
Apr 17 16:28:13 host=smtp.yandex.com tls=on auth=on user=watchtower@codeplayer.org from=watchtower@codeplayer.org recipients=watchtower@codeplayer.org errormsg='the server sent an empty reply' exitcode=EX_PROTOCOL
Apr 17 16:54:38 host=smtp.gmail.com tls=on auth=on user=petrus.zy.07@gmail.com from=petrus.zy.07@gmail.com recipients=silencly07@gmail.com errormsg='the server sent an empty reply' exitcode=EX_PROTOCOL
Apr 17 16:54:47 host=smtp.gmail.com tls=on auth=on user=petrus.zy.07@gmail.com from=petrus.zy.07@gmail.com recipients=silencly07@gmail.com errormsg='the server sent an empty reply' exitcode=EX_PROTOCOL
Apr 17 16:54:49 host=smtp.gmail.com tls=on auth=on user=petrus.zy.07@gmail.com from=petrus.zy.07@gmail.com recipients=silencly07@gmail.com errormsg='the server sent an empty reply' exitcode=EX_PROTOCOL
Apr 17 16:54:50 host=smtp.gmail.com tls=on auth=on user=petrus.zy.07@gmail.com from=petrus.zy.07@gmail.com recipients=silencly07@gmail.com errormsg='the server sent an empty reply' exitcode=EX_PROTOCOL
Apr 17 16:54:51 host=smtp.gmail.com tls=on auth=on user=petrus.zy.07@gmail.com from=petrus.zy.07@gmail.com recipients=silencly07@gmail.com errormsg='the server sent an empty reply' exitcode=EX_PROTOCOL
Apr 17 16:54:52 host=smtp.gmail.com tls=on auth=on user=petrus.zy.07@gmail.com from=petrus.zy.07@gmail.com recipients=silencly07@gmail.com errormsg='the server sent an empty reply' exitcode=EX_PROTOCOL
Apr 17 16:54:54 host=smtp.gmail.com tls=on auth=on user=petrus.zy.07@gmail.com from=petrus.zy.07@gmail.com recipients=silencly07@gmail.com errormsg='the server sent an empty reply' exitcode=EX_PROTOCOL
Apr 17 16:54:55 host=smtp.gmail.com tls=on auth=on user=petrus.zy.07@gmail.com from=petrus.zy.07@gmail.com recipients=silencly07@gmail.com errormsg='the server sent an empty reply' exitcode=EX_PROTOCOL
Apr 17 16:54:57 host=smtp.gmail.com tls=on auth=on user=petrus.zy.07@gmail.com from=petrus.zy.07@gmail.com recipients=silencly07@gmail.com errormsg='the server sent an empty reply' exitcode=EX_PROTOCOL
Apr 17 16:54:58 host=smtp.gmail.com tls=on auth=on user=petrus.zy.07@gmail.com from=petrus.zy.07@gmail.com recipients=silencly07@gmail.com errormsg='the server sent an empty reply' exitcode=EX_PROTOCOL
Apr 17 17:04:50 host=smtp.gmail.com tls=on auth=on user=petrus.zy.07@gmail.com from=petrus.zy.07@gmail.com recipients=silencly07@gmail.com errormsg='the server sent an empty reply' exitcode=EX_PROTOCOL
Apr 17 17:11:32 host=smtp.gmail.com tls=on auth=on user=petrus.zy.07@gmail.com from=petrus.zy.07@gmail.com recipients=silencly07@gmail.com errormsg='the server sent an empty reply' exitcode=EX_PROTOCOL
Apr 17 17:11:39 host=smtp.gmail.com tls=on auth=on user=petrus.zy.07@gmail.com from=petrus.zy.07@gmail.com recipients=silencly07@gmail.com errormsg='the server sent an empty reply' exitcode=EX_PROTOCOL
Apr 17 17:28:28 host=smtp.gmail.com tls=on auth=on user=petrus.zy.07@gmail.com from=petrus.zy.07@gmail.com recipients=silencly07@gmail.com errormsg='the server sent an empty reply' exitcode=EX_PROTOCOL
Apr 17 17:28:56 host=smtp.yandex.com tls=on auth=on user=gitea@codeplayer.org from=gitea@codeplayer.org recipients=watchtower@codeplayer.org mailsize=76 smtpstatus=250 smtpmsg='250 2.0.0 Ok: queued on sas2-b157fac3b6f2.qloud-c.yandex.net as 1587115735-qSH4HXBlYV-Sr28keCP' exitcode=EX_OK
Apr 17 17:33:21 host=smtp.gmail.com tls=on auth=on user=petrus.zy.07@gmail.com from=petrus.zy.07@gmail.com recipients=silencly07@gmail.com errormsg='the server sent an empty reply' exitcode=EX_PROTOCOL
Apr 17 17:33:24 host=smtp.gmail.com tls=on auth=on user=petrus.zy.07@gmail.com from=petrus.zy.07@gmail.com recipients=silencly07@gmail.com errormsg='the server sent an empty reply' exitcode=EX_PROTOCOL
Apr 17 17:35:30 host=smtp.gmail.com tls=on auth=on user=petrus.zy.07@gmail.com from=petrus.zy.07@gmail.com recipients=silencly07@gmail.com mailsize=78 smtpstatus=250 smtpmsg='250 2.0.0 OK  1587116130 67sm18695094pfe.168 - gsmtp' exitcode=EX_OK
Apr 17 17:45:47 host=smtp.gmail.com tls=on auth=on user=petrus.zy.07@gmail.com from=petrus.zy.07@gmail.com recipients=silencly07@gmail.com errormsg='the server sent an empty reply' exitcode=EX_PROTOCOL
Apr 17 17:45:51 host=smtp.gmail.com tls=on auth=on user=petrus.zy.07@gmail.com from=petrus.zy.07@gmail.com recipients=silencly07@gmail.com errormsg='the server sent an empty reply' exitcode=EX_PROTOCOL
Apr 17 17:45:53 host=smtp.gmail.com tls=on auth=on user=petrus.zy.07@gmail.com from=petrus.zy.07@gmail.com recipients=silencly07@gmail.com errormsg='the server sent an empty reply' exitcode=EX_PROTOCOL
Apr 17 18:00:48 host=smtp.gmail.com tls=on auth=on user=petrus.zy.07@gmail.com from=petrus.zy.07@gmail.com recipients=silencly07@gmail.com mailsize=79 smtpstatus=250 smtpmsg='250 2.0.0 OK  1587117648 n23sm5031022pjq.18 - gsmtp' exitcode=EX_OK
Apr 18 22:14:04 host=smtp.gmail.com tls=on auth=on user=petrus.zy.07@gmail.com from=petrus.zy.07@gmail.com recipients=silencly07@gmail.com errormsg='cannot connect to smtp.gmail.com, port 587: Connection timed out' exitcode=EX_TEMPFAIL
Apr 18 22:18:26 host=smtp.gmail.com tls=on auth=on user=petrus.zy.07@gmail.com from=petrus.zy.07@gmail.com recipients=silencly07@gmail.com errormsg='cannot connect to smtp.gmail.com, port 587: Connection timed out' exitcode=EX_TEMPFAIL
Apr 18 22:18:54 host=smtp.gmail.com tls=on auth=on user=petrus.zy.07@gmail.com from=petrus.zy.07@gmail.com recipients=silencly07@gmail.com mailsize=308 smtpstatus=250 smtpmsg='250 2.0.0 OK  1587219533 x13sm517496pgh.63 - gsmtp' exitcode=EX_OK
Apr 22 22:28:18 host=smtp.gmail.com tls=on auth=on user=petrus.zy.07@gmail.com from=petrus.zy.07@gmail.com recipients=silencly07@gmail.com mailsize=1176 smtpstatus=250 smtpmsg='250 2.0.0 OK  1587565698 g2sm5547850pfh.193 - gsmtp' exitcode=EX_OK
Apr 22 22:35:42 host=smtp.gmail.com tls=on auth=on user=petrus.zy.07@gmail.com from=petrus.zy.07@gmail.com recipients=silencly07@gmail.com mailsize=1185 smtpstatus=250 smtpmsg='250 2.0.0 OK  1587566141 o185sm5654978pfg.197 - gsmtp' exitcode=EX_OK
Apr 22 22:47:02 host=smtp.gmail.com tls=on auth=on user=petrus.zy.07@gmail.com from=petrus.zy.07@gmail.com recipients=silencly07@gmail.com mailsize=1187 smtpstatus=250 smtpmsg='250 2.0.0 OK  1587566821 p2sm4602774pgh.25 - gsmtp' exitcode=EX_OK
Apr 22 22:50:32 host=smtp.gmail.com tls=on auth=on user=petrus.zy.07@gmail.com from=petrus.zy.07@gmail.com recipients=silencly07@gmail.com mailsize=1193 smtpstatus=250 smtpmsg='250 2.0.0 OK  1587567031 z23sm5678657pfr.136 - gsmtp' exitcode=EX_OK
Apr 22 22:54:24 host=smtp.gmail.com tls=on auth=on user=silencly07@gmail.com from=silencly07@gmail.com recipients=petrus.zy.07@gmail.com mailsize=1537 smtpstatus=250 smtpmsg='250 2.0.0 OK  1587567263 s22sm5940931pfd.51 - gsmtp' exitcode=EX_OK
Apr 22 23:09:10 host=smtp.gmail.com tls=on auth=on user=petrus.zy.07@gmail.com from=petrus.zy.07@gmail.com recipients=silencly07@gmail.com mailsize=1236 smtpstatus=250 smtpmsg='250 2.0.0 OK  1587568150 d2sm5870181pfc.7 - gsmtp' exitcode=EX_OK
Apr 22 23:28:28 host=smtp.gmail.com tls=on auth=on user=petrus.zy.07@gmail.com from=petrus.zy.07@gmail.com recipients=silencly07@gmail.com errormsg='the server sent an empty reply' exitcode=EX_PROTOCOL
Apr 22 23:29:56 host=smtp.gmail.com tls=on auth=on user=petrus.zy.07@gmail.com from=petrus.zy.07@gmail.com recipients=silencly07@gmail.com errormsg='the server sent an empty reply' exitcode=EX_PROTOCOL
Apr 22 23:31:28 host=smtp.gmail.com tls=on auth=on user=petrus.zy.07@gmail.com from=petrus.zy.07@gmail.com recipients=silencly07@gmail.com mailsize=1273 smtpstatus=250 smtpmsg='250 2.0.0 OK  1587569488 g11sm5727382pjs.17 - gsmtp' exitcode=EX_OK
Apr 23 00:11:37 host=smtp.gmail.com tls=on auth=on user=petrus.zy.07@gmail.com from=petrus.zy.07@gmail.com recipients=silencly07@gmail.com mailsize=1269 smtpstatus=250 smtpmsg='250 2.0.0 OK  1587571897 v64sm4002993pfb.20 - gsmtp' exitcode=EX_OK
Apr 23 00:15:31 host=smtp.gmail.com tls=on auth=on user=petrus.zy.07@gmail.com from=petrus.zy.07@gmail.com recipients=silencly07@gmail.com mailsize=2418 smtpstatus=250 smtpmsg='250 2.0.0 OK  1587572130 o15sm5567317pgj.60 - gsmtp' exitcode=EX_OK
Apr 23 00:34:28 host=smtp.gmail.com tls=on auth=on user=silencly07@gmail.com from=silencly07@gmail.com recipients=petrus.zy.07@gmail.com mailsize=2737 smtpstatus=250 smtpmsg='250 2.0.0 OK  1587573268 r28sm5950762pfg.186 - gsmtp' exitcode=EX_OK
Apr 23 01:08:33 host=smtp.gmail.com tls=on auth=on user=silencly07@gmail.com from=silencly07@gmail.com recipients=petrus.zy.07@gmail.com mailsize=2461 smtpstatus=250 smtpmsg='250 2.0.0 OK  1587575313 t6sm16731pfh.98 - gsmtp' exitcode=EX_OK
Apr 23 01:17:18 host=smtp.gmail.com tls=on auth=on user=silencly07@gmail.com from=silencly07@gmail.com recipients=watchtower@codeplayer.org mailsize=1516 smtpstatus=250 smtpmsg='250 2.0.0 OK  1587575837 h14sm44920pfq.46 - gsmtp' exitcode=EX_OK
Apr 23 22:43:04 host=smtp.gmail.com tls=on auth=on user=petrus.zy.07@gmail.com from=petrus.zy.07@gmail.com recipients=silencly07@gmail.com mailsize=9233 smtpstatus=250 smtpmsg='250 2.0.0 OK  1587652984 t80sm2906210pfc.23 - gsmtp' exitcode=EX_OK
Apr 23 22:54:05 host=smtp.gmail.com tls=on auth=on user=petrus.zy.07@gmail.com from=petrus.zy.07@gmail.com recipients=silencly07@gmail.com mailsize=7194 smtpstatus=250 smtpmsg='250 2.0.0 OK  1587653645 mj4sm2667917pjb.0 - gsmtp' exitcode=EX_OK
Apr 23 23:00:28 host=smtp.gmail.com tls=on auth=on user=petrus.zy.07@gmail.com from=petrus.zy.07@gmail.com recipients=silencly07@gmail.com mailsize=9238 smtpstatus=250 smtpmsg='250 2.0.0 OK  1587654028 f6sm2742985pfn.189 - gsmtp' exitcode=EX_OK
